[0m14:42:45.869478 [debug] [MainThread]: Sending event: {'category': 'dbt', 'action': 'invocation', 'label': 'start', 'context': [<snowplow_tracker.self_describing_json.SelfDescribingJson object at 0x7fe748e6a2d0>, <snowplow_tracker.self_describing_json.SelfDescribingJson object at 0x7fe7493d9350>, <snowplow_tracker.self_describing_json.SelfDescribingJson object at 0x7fe748e6a450>]}


============================== 14:42:45.884499 | b8658602-0117-403c-81e5-3b72b2c298b9 ==============================
[0m14:42:45.884499 [info ] [MainThread]: Running with dbt=1.8.9
[0m14:42:45.885386 [debug] [MainThread]: running dbt with arguments {'printer_width': '80', 'indirect_selection': 'eager', 'write_json': 'True', 'log_cache_events': 'False', 'partial_parse': 'True', 'cache_selected_only': 'False', 'warn_error': 'None', 'debug': 'False', 'fail_fast': 'False', 'log_path': 'logs', 'profiles_dir': '/home/koko/.dbt', 'version_check': 'True', 'use_colors': 'True', 'use_experimental_parser': 'False', 'no_print': 'None', 'quiet': 'False', 'empty': 'None', 'log_format': 'default', 'invocation_command': 'dbt init dbt', 'static_parser': 'True', 'introspect': 'True', 'target_path': 'None', 'warn_error_options': 'WarnErrorOptions(include=[], exclude=[])', 'send_anonymous_usage_stats': 'True'}
[0m14:47:05.243842 [debug] [MainThread]: Starter project path: /home/koko/dev/karolsudol/sweet-potato/.venv/lib/python3.11/site-packages/dbt/include/starter_project
[0m14:47:05.292607 [info ] [MainThread]: 
Your new dbt project "dbt_linea" was created!

For more information on how to configure the profiles.yml file,
please consult the dbt documentation here:

  https://docs.getdbt.com/docs/configure-your-profile

One more thing:

Need help? Don't hesitate to reach out to us via GitHub issues or on Slack:

  https://community.getdbt.com/

Happy modeling!

[0m14:47:05.293983 [info ] [MainThread]: Setting up your profile.
[0m14:47:11.084530 [info ] [MainThread]: No sample profile found for clickhouse.
[0m14:47:11.096468 [debug] [MainThread]: Resource report: {"command_name": "init", "command_success": true, "command_wall_clock_time": 265.33893, "process_in_blocks": "0", "process_kernel_time": 0.222388, "process_mem_max_rss": "90612", "process_out_blocks": "0", "process_user_time": 1.792694}
[0m14:47:11.098373 [debug] [MainThread]: Command `dbt init` succeeded at 14:47:11.098029 after 265.34 seconds
[0m14:47:11.099671 [debug] [MainThread]: Sending event: {'category': 'dbt', 'action': 'invocation', 'label': 'end', 'context': [<snowplow_tracker.self_describing_json.SelfDescribingJson object at 0x7fe74903ee10>, <snowplow_tracker.self_describing_json.SelfDescribingJson object at 0x7fe74ca132d0>, <snowplow_tracker.self_describing_json.SelfDescribingJson object at 0x7fe74934a6d0>]}
[0m14:47:11.100756 [debug] [MainThread]: Flushing usage events
[0m14:47:11.809156 [debug] [MainThread]: An error was encountered while trying to flush usage events
